2024-05-24 17:19:15 - heart_stroke - INFO - Configuration file loaded from config/config.yaml (pipeline.py:37)
2024-05-24 17:20:17 - heart_stroke - INFO - Configuration file loaded from config/config.yaml (pipeline.py:37)
2024-05-24 17:28:04 - heart_stroke - INFO - Configuration file loaded from config/config.yaml (pipeline.py:37)
2024-05-24 17:28:39 - heart_stroke - INFO - Configuration file loaded from config/config.yaml (pipeline.py:37)
2024-05-24 17:30:42 - heart_stroke - INFO - Configuration file loaded from config/config.yaml (pipeline.py:37)
2024-05-24 17:34:52 - heart_stroke - INFO - Configuration file loaded from config/config.yaml (pipeline.py:37)
2024-05-24 17:47:57 - heart_stroke - INFO - Configuration file loaded from config/config.yaml (pipeline.py:37)
2024-05-24 17:50:02 - heart_stroke - INFO - Configuration file loaded from config/config.yaml (pipeline.py:37)
2024-05-24 17:50:03 - heart_stroke - INFO - File sucessfully uploaded to S3!! data/cleaned_train_data.csv (pipeline.py:72)
2024-05-24 18:23:39 - heart_stroke - INFO - Configuration file loaded from config/config.yaml (pipeline.py:38)
2024-05-24 18:24:24 - heart_stroke - INFO - Configuration file loaded from config/config.yaml (pipeline.py:38)
2024-05-24 18:24:43 - heart_stroke - INFO - Configuration file loaded from config/config.yaml (pipeline.py:38)
2024-05-24 18:24:43 - heart_stroke - INFO - File sucessfully uploaded to S3!! data/cleaned_train_data.csv (pipeline.py:73)
2024-05-24 18:27:59 - heart_stroke - INFO - Configuration file loaded from config/config.yaml (pipeline.py:39)
2024-05-24 18:28:00 - heart_stroke - INFO - File sucessfully uploaded to S3!! data/cleaned_train_data.csv (pipeline.py:74)
2024-05-24 18:28:27 - heart_stroke - INFO - Configuration file loaded from config/config.yaml (pipeline.py:39)
2024-05-24 18:28:28 - heart_stroke - INFO - File sucessfully uploaded to S3!! data/cleaned_train_data.csv (pipeline.py:74)
2024-05-24 20:34:57 - heart_stroke - INFO - Configuration file loaded from config/config.yaml (pipeline.py:39)
2024-05-24 20:49:09 - heart_stroke - INFO - Configuration file loaded from config/config.yaml (pipeline.py:39)
2024-05-24 21:04:05 - heart_stroke - INFO - Configuration file loaded from config/config.yaml (pipeline.py:39)
2024-05-24 21:23:59 - heart_stroke - INFO - Configuration file loaded from config/config.yaml (pipeline.py:39)
2024-05-24 21:29:09 - heart_stroke - INFO - Configuration file loaded from config/config.yaml (pipeline.py:39)
2024-05-24 21:37:46 - heart_stroke - INFO - Configuration file loaded from config/config.yaml (pipeline.py:39)
2024-05-24 21:46:06 - heart_stroke - INFO - Configuration file loaded from config/config.yaml (pipeline.py:39)
2024-05-25 17:06:48 - heart_stroke - INFO - Configuration file loaded from config/config.yaml (pipeline.py:30)
2024-05-25 17:41:25 - heart_stroke - INFO - Configuration file loaded from config/config.yaml (pipeline.py:30)
2024-05-25 17:42:42 - heart_stroke - INFO - Configuration file loaded from config/config.yaml (pipeline.py:30)
2024-05-25 17:42:43 - heart_stroke - INFO - File successfully uploaded to S3!! data/cleaned_train_data.csv (pipeline.py:62)
2024-05-25 17:48:43 - heart_stroke - INFO - Configuration file loaded from config/config.yaml (pipeline.py:30)
2024-05-25 17:49:39 - heart_stroke - INFO - Configuration file loaded from config/config.yaml (pipeline.py:30)
2024-05-25 17:49:44 - heart_stroke - INFO - File successfully uploaded to S3!! data/cleaned_train_data.csv (pipeline.py:62)
2024-05-25 17:51:09 - heart_stroke - INFO - Configuration file loaded from config/config.yaml (pipeline.py:30)
2024-05-25 17:51:11 - heart_stroke - INFO - File successfully uploaded to S3!! data/cleaned_train_data.csv (pipeline.py:62)
2024-05-25 17:54:50 - heart_stroke - INFO - Configuration file loaded from config/config.yaml (pipeline.py:30)
2024-05-25 17:54:52 - heart_stroke - INFO - File successfully uploaded to S3!! data/cleaned_train_data.csv (pipeline.py:62)
2024-05-25 18:01:44 - heart_stroke - INFO - Configuration file loaded from config/config.yaml (pipeline.py:30)
2024-05-25 18:01:46 - heart_stroke - INFO - File successfully uploaded to S3!! data/cleaned_train_data.csv (pipeline.py:62)
2024-05-25 18:01:47 - heart_stroke - ERROR - Error uploading file to S3: Filename must be a string or a path-like object (aws_utils.py:15)
2024-05-25 18:11:22 - heart_stroke - INFO - Configuration file loaded from config/config.yaml (pipeline.py:30)
2024-05-25 18:11:44 - heart_stroke - INFO - Configuration file loaded from config/config.yaml (pipeline.py:30)
2024-05-25 18:11:47 - heart_stroke - INFO - File successfully uploaded to S3!! data/cleaned_train_data.csv (pipeline.py:62)
2024-05-25 18:11:48 - heart_stroke - ERROR - Error uploading file to S3: Filename must be a string or a path-like object (aws_utils.py:15)
2024-05-25 18:41:11 - heart_stroke - INFO - Configuration file loaded from config/config.yaml (pipeline.py:30)
2024-05-25 18:41:14 - heart_stroke - INFO - File successfully uploaded to S3!! data/cleaned_train_data.csv (pipeline.py:62)
2024-05-25 18:46:36 - heart_stroke - INFO - Configuration file loaded from config/config.yaml (pipeline.py:30)
2024-05-25 18:46:38 - heart_stroke - INFO - File successfully uploaded to S3!! data/cleaned_train_data.csv (pipeline.py:62)
2024-05-25 18:47:35 - heart_stroke - INFO - Configuration file loaded from config/config.yaml (pipeline.py:30)
2024-05-25 18:47:38 - heart_stroke - INFO - File successfully uploaded to S3!! data/cleaned_train_data.csv (pipeline.py:62)
2024-05-25 18:48:34 - heart_stroke - INFO - Configuration file loaded from config/config.yaml (pipeline.py:31)
2024-05-25 18:48:36 - heart_stroke - INFO - File successfully uploaded to S3!! data/cleaned_train_data.csv (pipeline.py:63)
2024-05-25 20:17:39 - heart_stroke - INFO - Configuration file loaded from config/config.yaml (pipeline.py:31)
2024-05-25 20:17:41 - heart_stroke - INFO - File successfully uploaded to S3!! data/cleaned_train_data.csv (pipeline.py:63)
2024-05-25 20:28:34 - heart_stroke - INFO - Configuration file loaded from config/config.yaml (pipeline.py:31)
2024-05-25 20:28:37 - heart_stroke - INFO - File successfully uploaded to S3!! data/cleaned_train_data.csv (pipeline.py:63)
2024-05-25 20:32:00 - heart_stroke - INFO - Configuration file loaded from config/config.yaml (pipeline.py:31)
2024-05-25 20:32:02 - heart_stroke - INFO - File successfully uploaded to S3!! data/cleaned_train_data.csv (pipeline.py:63)
2024-05-25 21:06:54 - heart_stroke - INFO - Configuration file loaded from config/config.yaml (pipeline.py:31)
2024-05-25 21:06:57 - heart_stroke - INFO - File successfully uploaded to S3!! data/cleaned_train_data.csv (pipeline.py:63)
2024-05-25 21:23:16 - heart_stroke - INFO - Configuration file loaded from config/config.yaml (pipeline.py:31)
2024-05-25 21:23:19 - heart_stroke - INFO - File successfully uploaded to S3!! data/cleaned_train_data.csv (pipeline.py:63)
2024-05-25 21:24:18 - heart_stroke - INFO - Configuration file loaded from config/config.yaml (pipeline.py:31)
2024-05-25 21:24:20 - heart_stroke - INFO - File successfully uploaded to S3!! data/cleaned_train_data.csv (pipeline.py:63)
2024-05-25 21:26:27 - heart_stroke - INFO - Configuration file loaded from config/config.yaml (pipeline.py:31)
2024-05-25 21:26:29 - heart_stroke - INFO - File successfully uploaded to S3!! data/cleaned_train_data.csv (pipeline.py:63)
2024-05-25 21:26:48 - heart_stroke - INFO - Configuration file loaded from config/config.yaml (pipeline.py:31)
2024-05-25 21:26:51 - heart_stroke - INFO - File successfully uploaded to S3!! data/cleaned_train_data.csv (pipeline.py:63)
2024-05-25 21:27:41 - heart_stroke - INFO - Configuration file loaded from config/config.yaml (pipeline.py:32)
2024-05-25 21:27:44 - heart_stroke - INFO - File successfully uploaded to S3!! data/cleaned_train_data.csv (pipeline.py:64)
2024-05-25 21:30:40 - heart_stroke - INFO - Configuration file loaded from config/config.yaml (pipeline.py:32)
2024-05-25 21:30:42 - heart_stroke - INFO - File successfully uploaded to S3!! data/cleaned_train_data.csv (pipeline.py:64)
2024-05-25 21:31:21 - heart_stroke - INFO - Configuration file loaded from config/config.yaml (pipeline.py:34)
2024-05-25 21:31:23 - heart_stroke - INFO - File successfully uploaded to S3!! data/cleaned_train_data.csv (pipeline.py:66)
2024-05-25 21:32:09 - heart_stroke - INFO - Configuration file loaded from config/config.yaml (pipeline.py:34)
2024-05-25 21:32:11 - heart_stroke - INFO - File successfully uploaded to S3!! data/cleaned_train_data.csv (pipeline.py:66)
2024-05-25 21:39:22 - heart_stroke - INFO - Configuration file loaded from config/config.yaml (pipeline.py:32)
2024-05-25 21:39:24 - heart_stroke - INFO - File successfully uploaded to S3!! data/cleaned_train_data.csv (pipeline.py:64)
2024-05-25 21:45:37 - heart_stroke - INFO - Configuration file loaded from config/config.yaml (pipeline.py:32)
2024-05-25 21:45:39 - heart_stroke - INFO - File successfully uploaded to S3!! data/cleaned_train_data.csv (pipeline.py:64)
2024-05-25 21:45:42 - heart_stroke - INFO - Artifacts successfully uploaded to S3!! (pipeline.py:116)
